\BOOKMARK [0][]{Cover.0}{Cover}{}% 1
\BOOKMARK [0][]{Titlepage.0}{Titlepage}{}% 2
\BOOKMARK [0][]{Abstract.0}{Resumen}{}% 3
\BOOKMARK [-1][]{section*.3}{I Contextualizaci\363n}{}% 4
\BOOKMARK [0][]{chapter.1}{1 Descripci\363n del proyecto}{section*.3}% 5
\BOOKMARK [1][]{section*.5}{1.1 Definici\363n del problema}{chapter.1}% 6
\BOOKMARK [1][]{section*.6}{1.2 Formulaci\363n del problema}{chapter.1}% 7
\BOOKMARK [1][]{section*.7}{1.3 Objetivos}{chapter.1}% 8
\BOOKMARK [2][]{section*.8}{1.3.1 Objetivo General}{section*.7}% 9
\BOOKMARK [2][]{section*.9}{1.3.2 Objetivos Espec\355ficos}{section*.7}% 10
\BOOKMARK [1][]{section*.10}{1.4 Alcance}{chapter.1}% 11
\BOOKMARK [0][]{chapter.2}{2 Presentaci\363n de la organizaci\363n}{section*.3}% 12
\BOOKMARK [1][]{section*.12}{2.1 Filosof\355a Organizacional}{chapter.2}% 13
\BOOKMARK [2][]{section*.13}{2.1.1 Misi\363n}{section*.12}% 14
\BOOKMARK [2][]{section*.14}{2.1.2 Visi\363n}{section*.12}% 15
\BOOKMARK [2][]{section*.15}{2.1.3 Objetivos estrat\351gicos}{section*.12}% 16
\BOOKMARK [2][]{section*.16}{2.1.4 Principios}{section*.12}% 17
\BOOKMARK [2][]{section*.17}{2.1.5 Valores}{section*.12}% 18
\BOOKMARK [1][]{section*.18}{2.2 Estructura Organizacional}{chapter.2}% 19
\BOOKMARK [1][]{section*.20}{2.3 Mapa de Procesos}{chapter.2}% 20
\BOOKMARK [0][]{chapter.3}{3 Metodolog\355a y Cronograma de trabajo}{section*.3}% 21
\BOOKMARK [1][]{section*.23}{3.1 Metodolog\355a SCRUM}{chapter.3}% 22
\BOOKMARK [2][]{section*.24}{3.1.1 Visi\363n General}{section*.23}% 23
\BOOKMARK [2][]{section*.26}{3.1.2 Teor\355a de Scrum}{section*.23}% 24
\BOOKMARK [2][]{section*.27}{3.1.3 Eventos de Scrum}{section*.23}% 25
\BOOKMARK [2][]{section*.31}{3.1.4 El equipo Scrum}{section*.23}% 26
\BOOKMARK [1][]{section*.35}{3.2 Cronograma}{chapter.3}% 27
\BOOKMARK [0][]{chapter.4}{4 Arquitectura Empresarial}{section*.3}% 28
\BOOKMARK [1][]{section*.38}{4.1 Arquitectura empresarial}{chapter.4}% 29
\BOOKMARK [1][]{section*.39}{4.2 Componentes de una Arquitectura Empresarial}{chapter.4}% 30
\BOOKMARK [2][]{section*.41}{4.2.1 Arquitectura de negocio}{section*.39}% 31
\BOOKMARK [2][]{section*.42}{4.2.2 Arquitectura de informaci\363n}{section*.39}% 32
\BOOKMARK [2][]{section*.43}{4.2.3 Arquitectura de sistemas de informaci\363n o aplicaciones}{section*.39}% 33
\BOOKMARK [2][]{section*.44}{4.2.4 Arquitectura tecnol\363gica}{section*.39}% 34
\BOOKMARK [0][]{chapter.5}{5 Framework y Modelado}{section*.3}% 35
\BOOKMARK [1][]{section*.46}{5.1 The Open Group}{chapter.5}% 36
\BOOKMARK [1][]{section*.47}{5.2 TOGAF}{chapter.5}% 37
\BOOKMARK [2][]{section*.48}{5.2.1 \277Qu\351 es Arquitectura para TOGAF?}{section*.47}% 38
\BOOKMARK [2][]{section*.49}{5.2.2 Arquitectura soportada por TOGAF}{section*.47}% 39
\BOOKMARK [2][]{section*.51}{5.2.3 M\351todo de desarrollo de la Arquitectura \(ADM\)}{section*.47}% 40
\BOOKMARK [1][]{section*.55}{5.3 Archimate 2.1}{chapter.5}% 41
\BOOKMARK [2][]{section*.56}{5.3.1 Versiones}{section*.55}% 42
\BOOKMARK [2][]{section*.58}{5.3.2 Conceptos centrales}{section*.55}% 43
\BOOKMARK [2][]{section*.60}{5.3.3 Colaboraci\363n e interacci\363n}{section*.55}% 44
\BOOKMARK [2][]{section*.62}{5.3.4 Relaciones}{section*.55}% 45
\BOOKMARK [2][]{section*.63}{5.3.5 Capas}{section*.55}% 46
\BOOKMARK [2][]{section*.64}{5.3.6 Marco de referencia}{section*.55}% 47
\BOOKMARK [2][]{section*.66}{5.3.7 Motivaci\363n}{section*.55}% 48
\BOOKMARK [2][]{section*.68}{5.3.8 Implementaci\363n y Migraci\363n}{section*.55}% 49
\BOOKMARK [2][]{section*.70}{5.3.9 Archimate: Su relaci\363n con TOGAF}{section*.55}% 50
\BOOKMARK [0][]{chapter.6}{6 Patrones}{section*.3}% 51
\BOOKMARK [1][]{section*.73}{6.1 Programaci\363n Orientada a objetos}{chapter.6}% 52
\BOOKMARK [1][]{section*.74}{6.2 Patrones de software}{chapter.6}% 53
\BOOKMARK [2][]{section*.75}{6.2.1 Definiciones}{section*.74}% 54
\BOOKMARK [2][]{section*.76}{6.2.2 Clases de patrones software}{section*.74}% 55
\BOOKMARK [1][]{section*.77}{6.3 Patrones de Dise\361o}{chapter.6}% 56
\BOOKMARK [2][]{section*.78}{6.3.1 Clasificaci\363n de los patrones de dise\361o}{section*.77}% 57
\BOOKMARK [0][]{chapter.7}{7 Colosoft}{section*.3}% 58
\BOOKMARK [1][]{section*.88}{7.1 Descripci\363n}{chapter.7}% 59
\BOOKMARK [-1][]{section*.90}{II Arquitectura Empresarial}{}% 60
\BOOKMARK [0][]{chapter.8}{8 Modelo de Negocio}{section*.90}% 61
\BOOKMARK [1][]{section*.92}{8.1 Punto de Vista de la Organizaci\363n}{chapter.8}% 62
\BOOKMARK [2][]{section*.95}{8.1.1 Metamodelo}{section*.92}% 63
\BOOKMARK [2][]{section*.97}{8.1.2 Modelo mInstituto}{section*.92}% 64
\BOOKMARK [1][]{section*.99}{8.2 Punto de Vista Cooperaci\363n de Actor}{chapter.8}% 65
\BOOKMARK [2][]{section*.102}{8.2.1 Metamodelo}{section*.99}% 66
\BOOKMARK [2][]{section*.104}{8.2.2 Modelo mInstituto}{section*.99}% 67
\BOOKMARK [1][]{section*.106}{8.3 Punto de Vista Funci\363n de Negocio}{chapter.8}% 68
\BOOKMARK [2][]{section*.109}{8.3.1 Metamodelo}{section*.106}% 69
\BOOKMARK [2][]{section*.111}{8.3.2 Modelo mInstituto}{section*.106}% 70
\BOOKMARK [1][]{section*.113}{8.4 Punto de Vista Proceso de Negocio}{chapter.8}% 71
\BOOKMARK [2][]{section*.116}{8.4.1 Metamodelo}{section*.113}% 72
\BOOKMARK [2][]{section*.118}{8.4.2 Modelo mInstituto}{section*.113}% 73
\BOOKMARK [1][]{section*.120}{8.5 Punto de Vista Cooperaci\363n de Proceso de Negocio}{chapter.8}% 74
\BOOKMARK [2][]{section*.123}{8.5.1 Metamodelo}{section*.120}% 75
\BOOKMARK [2][]{section*.125}{8.5.2 Modelo mInstituto}{section*.120}% 76
\BOOKMARK [1][]{section*.127}{8.6 Punto de Vista de Producto}{chapter.8}% 77
\BOOKMARK [2][]{section*.130}{8.6.1 Metamodelo}{section*.127}% 78
\BOOKMARK [2][]{section*.132}{8.6.2 Modelo mInstituto}{section*.127}% 79
\BOOKMARK [0][]{chapter.9}{9 Capa de Aplicaci\363n}{section*.90}% 80
\BOOKMARK [1][]{section*.135}{9.1 Punto de Vista Comportamiento de Aplicaci\363n}{chapter.9}% 81
\BOOKMARK [2][]{section*.138}{9.1.1 Metamodelo}{section*.135}% 82
\BOOKMARK [2][]{section*.140}{9.1.2 Modelo mInstituto}{section*.135}% 83
\BOOKMARK [1][]{section*.142}{9.2 Punto de Vista Cooperaci\363n de Aplicaci\363n}{chapter.9}% 84
\BOOKMARK [2][]{section*.145}{9.2.1 Metamodelo}{section*.142}% 85
\BOOKMARK [2][]{section*.147}{9.2.2 Modelo mInstituto}{section*.142}% 86
\BOOKMARK [1][]{section*.149}{9.3 Punto de Vista Estructura de Aplicaci\363n}{chapter.9}% 87
\BOOKMARK [2][]{section*.152}{9.3.1 Metamodelo}{section*.149}% 88
\BOOKMARK [2][]{section*.154}{9.3.2 Modelo mInstituto}{section*.149}% 89
\BOOKMARK [1][]{section*.156}{9.4 Punto de Vista de Uso de Aplicaci\363n}{chapter.9}% 90
\BOOKMARK [2][]{section*.159}{9.4.1 Metamodelo}{section*.156}% 91
\BOOKMARK [2][]{section*.161}{9.4.2 Modelo mInstituto}{section*.156}% 92
\BOOKMARK [0][]{chapter.10}{10 Capa de Infraestructura}{section*.90}% 93
\BOOKMARK [1][]{section*.164}{10.1 Punto de Vista de Infraestructura}{chapter.10}% 94
\BOOKMARK [2][]{section*.167}{10.1.1 Metamodelo}{section*.164}% 95
\BOOKMARK [2][]{section*.169}{10.1.2 Modelo mInstituto}{section*.164}% 96
\BOOKMARK [1][]{section*.171}{10.2 Punto de Vista Uso de Infraestructura}{chapter.10}% 97
\BOOKMARK [2][]{section*.174}{10.2.1 Metamodelo}{section*.171}% 98
\BOOKMARK [2][]{section*.176}{10.2.2 Modelo mInstituto}{section*.171}% 99
\BOOKMARK [1][]{section*.178}{10.3 Punto de Vista de Organizaci\363n e implementaci\363n}{chapter.10}% 100
\BOOKMARK [2][]{section*.181}{10.3.1 Metamodelo}{section*.178}% 101
\BOOKMARK [2][]{section*.183}{10.3.2 Modelo}{section*.178}% 102
\BOOKMARK [1][]{section*.185}{10.4 Punto de Vista de Estructura de Informaci\363n}{chapter.10}% 103
\BOOKMARK [2][]{section*.188}{10.4.1 Metamodelo}{section*.185}% 104
\BOOKMARK [2][]{section*.190}{10.4.2 Modelo}{section*.185}% 105
\BOOKMARK [1][]{section*.192}{10.5 Punto de vista de realizaci\363n del servicio}{chapter.10}% 106
\BOOKMARK [2][]{section*.195}{10.5.1 Metamodelo}{section*.192}% 107
\BOOKMARK [2][]{section*.197}{10.5.2 Modelo}{section*.192}% 108
\BOOKMARK [1][]{section*.199}{10.6 Punto de Vista de Capas}{chapter.10}% 109
\BOOKMARK [2][]{section*.202}{10.6.1 Metamodelo}{section*.199}% 110
\BOOKMARK [2][]{section*.204}{10.6.2 Modelo}{section*.199}% 111
